<?xml version="1.0" encoding="UTF-8"?>
<testng-results ignored="0" total="1" passed="1" failed="0" skipped="0">
  <reporter-output>
  </reporter-output>
  <suite started-at="2021-11-22T12:06:53 IST" name="Default suite" finished-at="2021-11-22T12:07:06 IST" duration-ms="13140">
    <groups>
    </groups>
    <test started-at="2021-11-22T12:06:53 IST" name="Default test" finished-at="2021-11-22T12:07:06 IST" duration-ms="13140">
      <class name="classroom.Alerts">
        <test-method is-config="true" signature="beforeTest()[pri:0, instance:classroom.Alerts@44821a96]" started-at="2021-11-22T12:06:53 IST" name="beforeTest" finished-at="2021-11-22T12:07:00 IST" duration-ms="7021" status="PASS">
          <reporter-output>
          </reporter-output>
        </test-method> <!-- beforeTest -->
        <test-method signature="alerts()[pri:0, instance:classroom.Alerts@44821a96]" started-at="2021-11-22T12:07:00 IST" name="alerts" finished-at="2021-11-22T12:07:06 IST" duration-ms="6094" status="PASS">
          <reporter-output>
          </reporter-output>
        </test-method> <!-- alerts -->
        <test-method is-config="true" signature="afterTest()[pri:0, instance:classroom.Alerts@44821a96]" started-at="2021-11-22T12:07:06 IST" name="afterTest" finished-at="2021-11-22T12:07:06 IST" duration-ms="1" status="PASS">
          <reporter-output>
          </reporter-output>
        </test-method> <!-- afterTest -->
      </class> <!-- classroom.Alerts -->
    </test> <!-- Default test -->
  </suite> <!-- Default suite -->
</testng-results>
